2026-01-17 10:28:04,862 - INFO - logger.py:36 - 日志系统初始化完成
2026-01-17 10:47:27,233 - INFO - logger.py:36 - 日志系统初始化完成
2026-01-17 10:58:58,692 - INFO - logger.py:36 - 日志系统初始化完成
2026-01-17 11:08:14,530 - INFO - logger.py:36 - 日志系统初始化完成
2026-01-17 11:10:37,282 - INFO - logger.py:36 - 日志系统初始化完成
2026-01-17 11:53:50,519 - INFO - logger.py:36 - 日志系统初始化完成
2026-01-17 12:02:10,877 - INFO - logger.py:36 - 日志系统初始化完成
2026-01-17 12:31:42,703 - INFO - logger.py:36 - 日志系统初始化完成
2026-01-17 12:33:12,878 - INFO - logger.py:36 - 日志系统初始化完成
2026-01-17 12:35:00,758 - INFO - logger.py:36 - 日志系统初始化完成
2026-01-17 12:36:28,299 - INFO - logger.py:36 - 日志系统初始化完成
2026-01-17 12:37:57,503 - INFO - logger.py:36 - 日志系统初始化完成
2026-01-17 12:42:27,162 - INFO - logger.py:36 - 日志系统初始化完成
2026-01-17 12:48:22,133 - INFO - logger.py:36 - 日志系统初始化完成
2026-01-17 12:52:06,326 - INFO - logger.py:36 - 日志系统初始化完成
2026-01-17 12:58:03,469 - INFO - logger.py:36 - 日志系统初始化完成
2026-01-17 13:07:21,052 - INFO - logger.py:36 - 日志系统初始化完成
2026-01-17 13:40:45,065 - INFO - logger.py:36 - 日志系统初始化完成
2026-01-17 14:04:49,262 - INFO - logger.py:36 - 日志系统初始化完成
2026-01-17 14:10:06,631 - INFO - logger.py:36 - 日志系统初始化完成
2026-01-17 14:34:53,550 - INFO - logger.py:36 - 日志系统初始化完成
2026-01-17 14:36:01,786 - INFO - logger.py:36 - 日志系统初始化完成
2026-01-17 14:39:00,292 - INFO - logger.py:36 - 日志系统初始化完成
2026-01-17 14:41:31,662 - INFO - logger.py:36 - 日志系统初始化完成
2026-01-17 14:49:03,234 - INFO - logger.py:36 - 日志系统初始化完成
2026-01-17 14:52:25,567 - INFO - logger.py:36 - 日志系统初始化完成
2026-01-17 14:59:30,703 - INFO - logger.py:36 - 日志系统初始化完成
2026-01-17 15:11:30,643 - INFO - logger.py:36 - 日志系统初始化完成
2026-01-17 15:23:14,089 - INFO - logger.py:36 - 日志系统初始化完成
2026-01-17 15:31:54,959 - INFO - logger.py:36 - 日志系统初始化完成
2026-01-17 15:38:29,949 - INFO - logger.py:36 - 日志系统初始化完成
2026-01-17 15:42:52,891 - INFO - logger.py:36 - 日志系统初始化完成
2026-01-17 15:52:17,069 - INFO - logger.py:36 - 日志系统初始化完成
2026-01-17 15:55:38,756 - INFO - logger.py:36 - 日志系统初始化完成
2026-01-17 15:57:47,085 - INFO - logger.py:36 - 日志系统初始化完成
2026-01-17 16:09:01,654 - INFO - logger.py:36 - 日志系统初始化完成
2026-01-17 16:09:04,774 - ERROR - main.py:37 - Failed to show main window: ambiguous column name: id
Traceback (most recent call last):
  File "D:\code\tools\zichan\src\main.py", line 31, in show_main_window
    window = MainWindow()
             ^^^^^^^^^^^^
  File "D:\code\tools\zichan\src\ui\main_window.py", line 29, in __init__
    self.init_content_area()
  File "D:\code\tools\zichan\src\ui\main_window.py", line 117, in init_content_area
    elif key == "assets": self.content_stack.addWidget(AssetPage())
                                                       ^^^^^^^^^^^
  File "D:\code\tools\zichan\src\ui\pages\asset_page.py", line 51, in __init__
    super().__init__(); self.db = DBManager(); self.offset = 0; self.init_ui(); self.load_data()
                                                                                ^^^^^^^^^^^^^^^^
  File "D:\code\tools\zichan\src\ui\pages\asset_page.py", line 100, in load_data
    total, rows = self.db.get_all_assets(self.s.text(), self.d.currentData(), limit=20, offset=self.offset, order_col=col, order_dir=dire)
                  ^^^^^^^^^^^^^^^^^^^^^^^^^^^^^^^^^^^^^^^^^^^^^^^^^^^^^^^^^^^^^^^^^^^^^^^^^^^^^^^^^^^^^^^^^^^^^^^^^^^^^^^^^^^^^^^^^^^^^^^^
  File "D:\code\tools\zichan\src\database\db_manager.py", line 64, in get_all_assets
    return self._get_paged_data(sql, ps, limit, offset)
           ^^^^^^^^^^^^^^^^^^^^^^^^^^^^^^^^^^^^^^^^^^^^
  File "D:\code\tools\zichan\src\database\db_manager.py", line 48, in _get_paged_data
    c.execute(f"SELECT COUNT(*) FROM ({base_sql})", params); total = c.fetchone()[0]
    ^^^^^^^^^^^^^^^^^^^^^^^^^^^^^^^^^^^^^^^^^^^^^^^^^^^^^^^
sqlite3.OperationalError: ambiguous column name: id
2026-01-17 16:20:48,003 - INFO - logger.py:36 - 日志系统初始化完成
2026-01-17 16:24:55,299 - INFO - logger.py:36 - 日志系统初始化完成
2026-01-17 16:30:41,590 - INFO - logger.py:36 - 日志系统初始化完成
2026-01-17 16:46:41,156 - INFO - logger.py:36 - 日志系统初始化完成
2026-01-17 16:48:36,458 - INFO - logger.py:36 - 日志系统初始化完成
2026-01-17 16:57:43,165 - INFO - logger.py:36 - 日志系统初始化完成
2026-01-17 16:59:29,176 - INFO - logger.py:36 - 日志系统初始化完成
2026-01-17 17:00:11,471 - ERROR - db_manager.py:158 - Batch update error: database is locked
2026-01-17 17:29:15,012 - INFO - logger.py:36 - 日志系统初始化完成
2026-01-17 17:29:16,264 - ERROR - main.py:37 - Failed to show main window: 'DBManager' object has no attribute 'get_recent_activity'
Traceback (most recent call last):
  File "D:\code\tools\zichan\src\main.py", line 31, in show_main_window
    window = MainWindow()
             ^^^^^^^^^^^^
  File "D:\code\tools\zichan\src\ui\main_window.py", line 26, in __init__
    self.init_content_area()
  File "D:\code\tools\zichan\src\ui\main_window.py", line 71, in init_content_area
    dash = DashboardPage(); dash.view_all_logs.connect(lambda: self.switch_page_by_key("logs")); self.content_stack.addWidget(dash)
           ^^^^^^^^^^^^^^^
  File "D:\code\tools\zichan\src\ui\pages\dashboard_page.py", line 41, in __init__
    self.refresh_data()
  File "D:\code\tools\zichan\src\ui\pages\dashboard_page.py", line 100, in refresh_data
    activities = self.db.get_recent_activity(12)
                 ^^^^^^^^^^^^^^^^^^^^^^^^^^^
AttributeError: 'DBManager' object has no attribute 'get_recent_activity'
2026-01-17 17:35:11,618 - INFO - logger.py:36 - 日志系统初始化完成
2026-01-17 17:35:13,731 - ERROR - main.py:37 - Failed to show main window: ambiguous column name: id
Traceback (most recent call last):
  File "D:\code\tools\zichan\src\main.py", line 31, in show_main_window
    window = MainWindow()
             ^^^^^^^^^^^^
  File "D:\code\tools\zichan\src\ui\main_window.py", line 26, in __init__
    self.init_content_area()
  File "D:\code\tools\zichan\src\ui\main_window.py", line 75, in init_content_area
    elif key == "circulation": self.content_stack.addWidget(LifecyclePage())
                                                            ^^^^^^^^^^^^^^^
  File "D:\code\tools\zichan\src\ui\pages\lifecycle_page.py", line 12, in __init__
    super().__init__(); self.db = DBManager(); self.init_ui(); self.refresh_data()
                                                               ^^^^^^^^^^^^^^^^^^^
  File "D:\code\tools\zichan\src\ui\pages\lifecycle_page.py", line 63, in refresh_data
    self.co_e.clear(); [self.co_e.addItem(f"{r[2]}({r[3]})", r[0]) for r in self.db.get_all_employees(status="在职", limit=None)]
                                                                            ^^^^^^^^^^^^^^^^^^^^^^^^^^^^^^^^^^^^^^^^^^^^^^^^^^^^
  File "D:\code\tools\zichan\src\database\db_manager.py", line 117, in get_all_employees
    conn = self.get_connection(); c = conn.cursor(); c.execute(f"{sql} ORDER BY {order_col} {order_dir}", ps); rs = c.fetchall(); conn.close(); return rs
                                                     ^^^^^^^^^^^^^^^^^^^^^^^^^^^^^^^^^^^^^^^^^^^^^^^^^^^^^^^^
sqlite3.OperationalError: ambiguous column name: id
2026-01-17 17:42:39,995 - INFO - logger.py:36 - 日志系统初始化完成
2026-01-17 17:42:41,758 - ERROR - main.py:37 - Failed to show main window: name 'sort_field' is not defined
Traceback (most recent call last):
  File "D:\code\tools\zichan\src\main.py", line 31, in show_main_window
    window = MainWindow()
             ^^^^^^^^^^^^
  File "D:\code\tools\zichan\src\ui\main_window.py", line 26, in __init__
    self.init_content_area()
  File "D:\code\tools\zichan\src\ui\main_window.py", line 75, in init_content_area
    elif key == "circulation": self.content_stack.addWidget(LifecyclePage())
                                                            ^^^^^^^^^^^^^^^
  File "D:\code\tools\zichan\src\ui\pages\lifecycle_page.py", line 12, in __init__
    super().__init__(); self.db = DBManager(); self.init_ui(); self.refresh_data()
                                                               ^^^^^^^^^^^^^^^^^^^
  File "D:\code\tools\zichan\src\ui\pages\lifecycle_page.py", line 63, in refresh_data
    self.co_e.clear(); [self.co_e.addItem(f"{r[2]}({r[3]})", r[0]) for r in self.db.get_all_employees(status="在职", limit=None)]
                                                                            ^^^^^^^^^^^^^^^^^^^^^^^^^^^^^^^^^^^^^^^^^^^^^^^^^^^^
  File "D:\code\tools\zichan\src\database\db_manager.py", line 117, in get_all_employees
    conn = self.get_connection(); c = conn.cursor(); c.execute(f"{sql} ORDER BY {sort_field} {order_dir}", ps); rs = c.fetchall(); conn.close(); return rs
                                                                                 ^^^^^^^^^^
NameError: name 'sort_field' is not defined
2026-01-17 17:44:26,424 - INFO - logger.py:36 - 日志系统初始化完成
